[debug] [2020-08-27T21:22:41.867Z] ----------------------------------------------------------------------
[debug] [2020-08-27T21:22:41.870Z] Command:       C:\Program Files\nodejs\node.exe C:\Users\julia\AppData\Roaming\npm\node_modules\firebase-tools\lib\bin\firebase.js login --no-localhost
[debug] [2020-08-27T21:22:41.870Z] CLI Version:   8.9.2
[debug] [2020-08-27T21:22:41.870Z] Platform:      win32
[debug] [2020-08-27T21:22:41.870Z] Node Version:  v12.18.3
[debug] [2020-08-27T21:22:41.871Z] Time:          Thu Aug 27 2020 18:22:41 GMT-0300 (GMT-03:00)
[debug] [2020-08-27T21:22:41.871Z] ----------------------------------------------------------------------
[debug] [2020-08-27T21:22:41.871Z] 
[info] i  Firebase optionally collects CLI usage and error reporting information to help improve our products. Data is collected in accordance with Google's privacy policy (https://policies.google.com/privacy) and is not used to identify you.
 
[info] i  To change your data collection preference at any time, run `firebase logout` and log in again. 
[info] 
[info] Visit this URL on any device to log in:
[info] https://accounts.google.com/o/oauth2/auth?client_id=563584335869-fgrhgmd47bqnekij5i8b5pr03ho849e6.apps.googleusercontent.com&scope=email%20openid%20https%3A%2F%2Fwww.googleapis.com%2Fauth%2Fcloudplatformprojects.readonly%20https%3A%2F%2Fwww.googleapis.com%2Fauth%2Ffirebase%20https%3A%2F%2Fwww.googleapis.com%2Fauth%2Fcloud-platform&response_type=code&state=811868000&redirect_uri=urn%3Aietf%3Awg%3Aoauth%3A2.0%3Aoob
[info] 
[debug] [2020-08-27T21:22:43.909Z] Error: spawn cmd ENOENT
    at Process.ChildProcess._handle.onexit (internal/child_process.js:267:19)
    at onErrorNT (internal/child_process.js:469:16)
    at processTicksAndRejections (internal/process/task_queues.js:84:21)
[error] 
[error] Error: An unexpected error has occurred.
[debug] [2020-08-27T21:29:37.062Z] ----------------------------------------------------------------------
[debug] [2020-08-27T21:29:37.064Z] Command:       C:\Program Files\nodejs\node.exe C:\Users\julia\AppData\Roaming\npm\node_modules\firebase-tools\lib\bin\firebase.js login
[debug] [2020-08-27T21:29:37.064Z] CLI Version:   8.9.2
[debug] [2020-08-27T21:29:37.064Z] Platform:      win32
[debug] [2020-08-27T21:29:37.064Z] Node Version:  v12.18.3
[debug] [2020-08-27T21:29:37.065Z] Time:          Thu Aug 27 2020 18:29:37 GMT-0300 (GMT-03:00)
[debug] [2020-08-27T21:29:37.065Z] ----------------------------------------------------------------------
[debug] [2020-08-27T21:29:37.065Z] 
[info] i  Firebase optionally collects CLI usage and error reporting information to help improve our products. Data is collected in accordance with Google's privacy policy (https://policies.google.com/privacy) and is not used to identify you.
 
[info] i  To change your data collection preference at any time, run `firebase logout` and log in again. 
[info] 
[info] Visit this URL on this device to log in:
[info] https://accounts.google.com/o/oauth2/auth?client_id=563584335869-fgrhgmd47bqnekij5i8b5pr03ho849e6.apps.googleusercontent.com&scope=email%20openid%20https%3A%2F%2Fwww.googleapis.com%2Fauth%2Fcloudplatformprojects.readonly%20https%3A%2F%2Fwww.googleapis.com%2Fauth%2Ffirebase%20https%3A%2F%2Fwww.googleapis.com%2Fauth%2Fcloud-platform&response_type=code&state=388025461&redirect_uri=http%3A%2F%2Flocalhost%3A9005
[info] 
[info] Waiting for authentication...
[debug] [2020-08-27T21:29:39.013Z] Error: spawn cmd ENOENT
    at Process.ChildProcess._handle.onexit (internal/child_process.js:267:19)
    at onErrorNT (internal/child_process.js:469:16)
    at processTicksAndRejections (internal/process/task_queues.js:84:21)
[error] 
[error] Error: An unexpected error has occurred.
[debug] [2020-08-27T21:29:55.483Z] ----------------------------------------------------------------------
[debug] [2020-08-27T21:29:55.485Z] Command:       C:\Program Files\nodejs\node.exe C:\Users\julia\AppData\Roaming\npm\node_modules\firebase-tools\lib\bin\firebase.js login --no-localhost
[debug] [2020-08-27T21:29:55.485Z] CLI Version:   8.9.2
[debug] [2020-08-27T21:29:55.485Z] Platform:      win32
[debug] [2020-08-27T21:29:55.485Z] Node Version:  v12.18.3
[debug] [2020-08-27T21:29:55.486Z] Time:          Thu Aug 27 2020 18:29:55 GMT-0300 (GMT-03:00)
[debug] [2020-08-27T21:29:55.486Z] ----------------------------------------------------------------------
[debug] [2020-08-27T21:29:55.486Z] 
[info] i  Firebase optionally collects CLI usage and error reporting information to help improve our products. Data is collected in accordance with Google's privacy policy (https://policies.google.com/privacy) and is not used to identify you.
 
[info] i  To change your data collection preference at any time, run `firebase logout` and log in again. 
[info] 
[info] Visit this URL on any device to log in:
[info] https://accounts.google.com/o/oauth2/auth?client_id=563584335869-fgrhgmd47bqnekij5i8b5pr03ho849e6.apps.googleusercontent.com&scope=email%20openid%20https%3A%2F%2Fwww.googleapis.com%2Fauth%2Fcloudplatformprojects.readonly%20https%3A%2F%2Fwww.googleapis.com%2Fauth%2Ffirebase%20https%3A%2F%2Fwww.googleapis.com%2Fauth%2Fcloud-platform&response_type=code&state=101980215&redirect_uri=urn%3Aietf%3Awg%3Aoauth%3A2.0%3Aoob
[info] 
[debug] [2020-08-27T21:29:57.592Z] Error: spawn cmd ENOENT
    at Process.ChildProcess._handle.onexit (internal/child_process.js:267:19)
    at onErrorNT (internal/child_process.js:469:16)
    at processTicksAndRejections (internal/process/task_queues.js:84:21)
[error] 
[error] Error: An unexpected error has occurred.
